Starting Themis Client on port 3000...
 INFO  Accepting connections at http://localhost:3000
 HTTP  5/4/2025 3:55:11 PM ::1 GET /
 HTTP  5/4/2025 3:55:11 PM ::1 Returned 200 in 32 ms
 HTTP  5/4/2025 3:55:11 PM ::1 GET /static/js/main.f12a9223.js
 HTTP  5/4/2025 3:55:11 PM ::1 GET /static/css/main.c71b3d68.css
 HTTP  5/4/2025 3:55:11 PM ::1 Returned 304 in 1 ms
 HTTP  5/4/2025 3:55:11 PM ::1 Returned 200 in 6 ms
 HTTP  5/4/2025 3:55:11 PM ::1 GET /assets/images/LogoClickUP.png
 HTTP  5/4/2025 3:55:11 PM ::1 GET /logo512.png
 HTTP  5/4/2025 3:55:11 PM ::1 Returned 200 in 2 ms
 HTTP  5/4/2025 3:55:11 PM ::1 Returned 200 in 1 ms
 HTTP  5/4/2025 3:55:11 PM ::1 GET /manifest.json
 HTTP  5/4/2025 3:55:11 PM ::1 Returned 200 in 1 ms
 HTTP  5/4/2025 3:55:26 PM ::1 GET /projects/assets/images/LogoClickUP.png
 HTTP  5/4/2025 3:55:26 PM ::1 Returned 200 in 3 ms
 HTTP  5/4/2025 4:00:01 PM ::1 GET /projects/assets/images/LogoClickUP.png
 HTTP  5/4/2025 4:00:01 PM ::1 Returned 304 in 1 ms
 HTTP  5/4/2025 4:00:03 PM ::1 GET /projects/5f4253cc-5159-427a-b5b7-775f9f6e267f
 HTTP  5/4/2025 4:00:03 PM ::1 Returned 200 in 3 ms
 HTTP  5/4/2025 4:00:03 PM ::1 GET /projects/static/js/main.f12a9223.js
 HTTP  5/4/2025 4:00:03 PM ::1 Returned 200 in 2 ms
 HTTP  5/4/2025 4:00:03 PM ::1 GET /projects/static/css/main.c71b3d68.css
 HTTP  5/4/2025 4:00:03 PM ::1 Returned 200 in 1 ms
 HTTP  5/4/2025 4:00:03 PM ::1 GET /projects/manifest.json
 HTTP  5/4/2025 4:00:03 PM ::1 Returned 200 in 1 ms
 HTTP  5/4/2025 4:00:03 PM ::1 GET /projects/assets/images/LogoClickUP.png
 HTTP  5/4/2025 4:00:03 PM ::1 Returned 304 in 1 ms
 HTTP  5/5/2025 6:42:49 AM 127.0.0.1 HEAD /
 HTTP  5/5/2025 6:42:49 AM 127.0.0.1 Returned 200 in 17 ms
 HTTP  5/5/2025 6:45:04 AM ::1 GET /
 HTTP  5/5/2025 6:45:04 AM ::1 Returned 200 in 4 ms
 HTTP  5/5/2025 6:45:04 AM ::1 GET /static/js/main.b53df74f.js
 HTTP  5/5/2025 6:45:04 AM ::1 GET /static/css/main.c71b3d68.css
 HTTP  5/5/2025 6:45:04 AM ::1 Returned 304 in 3 ms
 HTTP  5/5/2025 6:45:04 AM ::1 Returned 200 in 12 ms
 HTTP  5/5/2025 6:45:04 AM ::1 GET /logo512.png
 HTTP  5/5/2025 6:45:04 AM ::1 GET /assets/images/LogoClickUP.png
 HTTP  5/5/2025 6:45:04 AM ::1 GET /manifest.json
 HTTP  5/5/2025 6:45:04 AM ::1 GET /favicon.ico
 HTTP  5/5/2025 6:45:04 AM ::1 Returned 304 in 19 ms
 HTTP  5/5/2025 6:45:04 AM ::1 Returned 304 in 4 ms
 HTTP  5/5/2025 6:45:04 AM ::1 Returned 304 in 3 ms
 HTTP  5/5/2025 6:45:04 AM ::1 Returned 200 in 4 ms
 HTTP  5/5/2025 6:47:02 AM 127.0.0.1 HEAD /
 HTTP  5/5/2025 6:47:02 AM 127.0.0.1 Returned 200 in 1 ms
 HTTP  5/5/2025 6:48:44 AM ::1 GET /
 HTTP  5/5/2025 6:48:44 AM ::1 Returned 304 in 2 ms
 HTTP  5/5/2025 6:48:44 AM ::1 GET /static/js/main.b53df74f.js
 HTTP  5/5/2025 6:48:44 AM ::1 Returned 304 in 2 ms
 HTTP  5/5/2025 6:48:45 AM ::1 GET /static/css/main.c71b3d68.css
 HTTP  5/5/2025 6:48:45 AM ::1 Returned 304 in 1 ms
 HTTP  5/5/2025 6:48:45 AM ::1 GET /logo512.png
 HTTP  5/5/2025 6:48:45 AM ::1 GET /assets/images/LogoClickUP.png
 HTTP  5/5/2025 6:48:45 AM ::1 GET /manifest.json
 HTTP  5/5/2025 6:48:45 AM ::1 Returned 304 in 8 ms
 HTTP  5/5/2025 6:48:45 AM ::1 Returned 304 in 5 ms
 HTTP  5/5/2025 6:48:45 AM ::1 Returned 304 in 3 ms

 INFO  Gracefully shutting down. Please wait...
